Line 39: Class TabDlg.SSTab of control sstMain was not a loaded control class.
Line 380: Class MSMask.MaskEdBox of control mskAmountToPay was not a loaded control class.
Line 401: Class MSMask.MaskEdBox of control mskCashAmount was not a loaded control class.
Line 421: Class MSMask.MaskEdBox of control mskCheckAmount was not a loaded control class.
Line 442: Class MSMask.MaskEdBox of control mskADRAmount was not a loaded control class.
Line 464: Class MSMask.MaskEdBox of control mskCheckAmount was not a loaded control class.
Line 485: Class MSMask.MaskEdBox of control mskCheckAmount was not a loaded control class.
Line 506: Class MSMask.MaskEdBox of control mskCheckAmount was not a loaded control class.
Line 527: Class MSMask.MaskEdBox of control mskCheckAmount was not a loaded control class.
Line 548: Class MSMask.MaskEdBox of control mskADRBalance was not a loaded control class.
Line 568: Class MSMask.MaskEdBox of control mskCheckNo was not a loaded control class.
Line 590: Class MSMask.MaskEdBox of control mskCheckNo was not a loaded control class.
Line 612: Class MSMask.MaskEdBox of control mskCheckNo was not a loaded control class.
Line 634: Class MSMask.MaskEdBox of control mskCheckNo was not a loaded control class.
Line 656: Class MSMask.MaskEdBox of control mskCheckNo was not a loaded control class.
Line 678: Class MSMask.MaskEdBox of control mskChange was not a loaded control class.
Line 1059: Class MSMask.MaskEdBox of control mskPayableDays was not a loaded control class.
Line 1079: Class MSMask.MaskEdBox of control mskDaysInYard was not a loaded control class.
Line 1099: Class MSComCtl2.DTPicker of control dtStartStorage was not a loaded control class.
Line 1122: Class MSComCtl2.DTPicker of control dtStorageFree was not a loaded control class.
Line 1144: Class MSComCtl2.DTPicker of control dtEndStorage was not a loaded control class.
Line 1285: Class MSMask.MaskEdBox of control mskTotalAMT was not a loaded control class.
Line 1305: Class MSMask.MaskEdBox of control mskTotalVAT was not a loaded control class.
Line 1325: Class MSMask.MaskEdBox of control mskTotalWTAX was not a loaded control class.
Line 1345: Class MSMask.MaskEdBox of control mskContainerTotal was not a loaded control class.
Line 1365: Class MSMask.MaskEdBox of control mskPayOnly was not a loaded control class.
Line 1503: Class MSMask.MaskEdBox of control mskRunning was not a loaded control class.
Line 1628: Class MSMask.MaskEdBox of control mskPlugIN was not a loaded control class.
Line 1650: Class MSMask.MaskEdBox of control mskPlugOUT was not a loaded control class.
Line 1804: Class MSMask.MaskEdBox of control mskLastDischargeDate was not a loaded control class.
Line 1826: Class MSMask.MaskEdBox of control mskTrainMountDate was not a loaded control class.
Line 2011: Class MSMask.MaskEdBox of control mskOVLength was not a loaded control class.
Line 2040: Class MSMask.MaskEdBox of control mskOVWidth was not a loaded control class.
Line 2061: Class MSMask.MaskEdBox of control mskOVHeight was not a loaded control class.
Line 2082: Class MSMask.MaskEdBox of control mskRevenueTon was not a loaded control class.
Line 2239: Class MSMask.MaskEdBox of control mskDaysFree was not a loaded control class.
Line 2259: Class MSMask.MaskEdBox of control mskDiscount was not a loaded control class.
Line 2281: Class MSMask.MaskEdBox of control mskNonWorkingDays was not a loaded control class.
Line 2311: Class MSMask.MaskEdBox of control mskStripDate was not a loaded control class.
Line 2333: Class MSMask.MaskEdBox of control mskBOCGatepassDate was not a loaded control class.
Line 3494: Class MSMask.MaskEdBox of control mskGatePassNo was not a loaded control class.
Line 3516: Class MSMask.MaskEdBox of control mskCRODate was not a loaded control class.
Line 3538: Class MSMask.MaskEdBox of control mskAdvGPDate was not a loaded control class.
Line 3560: Class MSFlexGridLib.MSFlexGrid of control msfCharges was not a loaded control class.
Line 3584: Class MSMask.MaskEdBox of control mskReeferHours was not a loaded control class.
