Line 32: Class CRVIEWERLibCtl.CRViewer of control CRViewer1 was not a loaded control class.
Line 38: The property name DisplayGroupTree in CRViewer1 is invalid.
Line 39: The property name DisplayToolbar in CRViewer1 is invalid.
Line 40: The property name EnableGroupTree in CRViewer1 is invalid.
Line 41: The property name EnableNavigationControls in CRViewer1 is invalid.
Line 42: The property name EnableStopButton in CRViewer1 is invalid.
Line 43: The property name EnablePrintButton in CRViewer1 is invalid.
Line 44: The property name EnableZoomControl in CRViewer1 is invalid.
Line 45: The property name EnableCloseButton in CRViewer1 is invalid.
Line 46: The property name EnableProgressControl in CRViewer1 is invalid.
Line 47: The property name EnableSearchControl in CRViewer1 is invalid.
Line 48: The property name EnableRefreshButton in CRViewer1 is invalid.
Line 49: The property name EnableDrillDown in CRViewer1 is invalid.
Line 50: The property name EnableAnimationControl in CRViewer1 is invalid.
Line 51: The property name EnableSelectExpertButton in CRViewer1 is invalid.
Line 52: The property name EnableToolbar in CRViewer1 is invalid.
Line 53: The property name DisplayBorder in CRViewer1 is invalid.
Line 54: The property name DisplayTabs in CRViewer1 is invalid.
Line 55: The property name DisplayBackgroundEdge in CRViewer1 is invalid.
Line 56: The property name SelectionFormula in CRViewer1 is invalid.
Line 57: The property name EnablePopupMenu in CRViewer1 is invalid.
Line 58: The property name EnableExportButton in CRViewer1 is invalid.
Line 59: The property name EnableSearchExpertButton in CRViewer1 is invalid.
